c:\users\chris\source\repos\mygame\mygame\debug\vc141.pdb
c:\users\chris\source\repos\mygame\mygame\debug\vc141.idb
c:\users\chris\source\repos\mygame\mygame\debug\object.obj
c:\users\chris\source\repos\mygame\mygame\debug\inputmanager.obj
c:\users\chris\source\repos\mygame\mygame\debug\mygame.obj
c:\users\chris\source\repos\mygame\mygame\debug\rigidbody.obj
c:\users\chris\source\repos\mygame\mygame\debug\vector3.obj
c:\users\chris\source\repos\mygame\mygame\debug\rect.obj
c:\users\chris\source\repos\mygame\mygame\debug\math.obj
c:\users\chris\source\repos\mygame\mygame\debug\mouse.obj
c:\users\chris\source\repos\mygame\mygame\debug\keyboard.obj
c:\users\chris\source\repos\mygame\mygame\debug\texture.obj
c:\users\chris\source\repos\mygame\mygame\debug\sprite.obj
c:\users\chris\source\repos\mygame\mygame\debug\engine.obj
c:\users\chris\source\repos\mygame\mygame\debug\timer.obj
c:\users\chris\source\repos\mygame\debug\mygame.exe
c:\users\chris\source\repos\mygame\debug\mygame.ilk
c:\users\chris\source\repos\mygame\debug\mygame.pdb
c:\users\chris\source\repos\mygame\mygame\debug\mygame.tlog\cl.command.1.tlog
c:\users\chris\source\repos\mygame\mygame\debug\mygame.tlog\cl.read.1.tlog
c:\users\chris\source\repos\mygame\mygame\debug\mygame.tlog\cl.write.1.tlog
c:\users\chris\source\repos\mygame\mygame\debug\mygame.tlog\link.command.1.tlog
c:\users\chris\source\repos\mygame\mygame\debug\mygame.tlog\link.read.1.tlog
c:\users\chris\source\repos\mygame\mygame\debug\mygame.tlog\link.write.1.tlog
